<?xml version="1.0" encoding="UTF-8"?>
<!-- Generated by org.testng.reporters.JUnitReportReporter -->
<testsuite hostname="DESKTOP-DCF98J4" failures="0" tests="1" name="testngpkg.Validation" time="6.607" errors="0" timestamp="2024-02-27T07:29:51 GST" skipped="0">
  <testcase classname="testngpkg.Validation" name="validation" time="6.607"/>
  <system-out/>
</testsuite> <!-- testngpkg.Validation -->
