<?xml version="1.0" encoding="UTF-8"?>
<!-- Generated by org.testng.reporters.JUnitReportReporter -->
<testsuite hostname="DESKTOP-DCF98J4" failures="0" tests="1" name="testngpkg.Ebay" time="2.751" errors="0" timestamp="2024-02-28T08:25:43 GST" skipped="0">
  <testcase classname="testngpkg.Ebay" name="mouseover" time="2.751"/>
  <system-out/>
</testsuite> <!-- testngpkg.Ebay -->
