<?xml version="1.0" encoding="UTF-8"?>
<!-- Generated by org.testng.reporters.JUnitReportReporter -->
<testsuite hostname="DESKTOP-DCF98J4" failures="0" tests="2" name="testngpkg.Crossbrowser" time="3.130" errors="0" timestamp="2024-02-21T07:35:49 GST" skipped="0">
  <testcase classname="testngpkg.Crossbrowser" name="Open" time="2.549"/>
  <system-out/>
  <testcase classname="testngpkg.Crossbrowser" name="Open" time="0.581"/>
  <system-out/>
</testsuite> <!-- testngpkg.Crossbrowser -->
