<?xml version="1.0" encoding="UTF-8"?>
<!-- Generated by org.testng.reporters.JUnitReportReporter -->
<testsuite hostname="DESKTOP-DCF98J4" failures="0" tests="1" name="testngpkg.Automationexcersice" time="7.325" errors="0" timestamp="2024-02-29T08:38:56 GST" skipped="0">
  <testcase classname="testngpkg.Automationexcersice" name="signup" time="7.325"/>
  <system-out/>
</testsuite> <!-- testngpkg.Automationexcersice -->
