<?xml version="1.0" encoding="UTF-8"?>
<!-- Generated by org.testng.reporters.JUnitReportReporter -->
<testsuite hostname="DESKTOP-DCF98J4" failures="0" tests="1" name="testngpkg.Parameterisation" time="0.010" errors="0" timestamp="2024-02-20T08:03:21 GST" skipped="0">
  <testcase classname="testngpkg.Parameterisation" name="test" time="0.010"/>
  <system-out/>
</testsuite> <!-- testngpkg.Parameterisation -->
