<?xml version="1.0" encoding="UTF-8"?>
<!-- Generated by org.testng.reporters.JUnitReportReporter -->
<testsuite hostname="DESKTOP-DCF98J4" failures="0" tests="1" name="testngpkg.Multiplewindowhandle" time="8.605" errors="0" timestamp="2024-02-27T08:12:55 GST" skipped="0">
  <testcase classname="testngpkg.Multiplewindowhandle" name="handling" time="8.605"/>
  <system-out/>
</testsuite> <!-- testngpkg.Multiplewindowhandle -->
