<?xml version="1.0" encoding="UTF-8"?>
<!-- Generated by org.testng.reporters.JUnitReportReporter -->
<testsuite hostname="DESKTOP-DCF98J4" failures="0" tests="1" name="testngpkg.Facebooklogin" time="4.971" errors="0" timestamp="2024-02-20T08:48:04 GST" skipped="0">
  <testcase classname="testngpkg.Facebooklogin" name="login" time="4.971"/>
  <system-out/>
</testsuite> <!-- testngpkg.Facebooklogin -->
