<?xml version="1.0" encoding="UTF-8"?>
<!-- Generated by org.testng.reporters.JUnitReportReporter -->
<testsuite hostname="DESKTOP-DCF98J4" failures="0" tests="1" name="testngpkg.Datadriven" time="9.667" errors="0" timestamp="2024-03-10T21:00:12 GST" skipped="0">
  <testcase classname="testngpkg.Datadriven" name="datadriven" time="9.667"/>
  <system-out/>
</testsuite> <!-- testngpkg.Datadriven -->
