<?xml version="1.0" encoding="UTF-8"?>
<!-- Generated by org.testng.reporters.JUnitReportReporter -->
<testsuite hostname="DESKTOP-DCF98J4" failures="0" tests="1" name="testngpkg.Copypaste" time="0.620" errors="0" timestamp="2024-02-21T08:07:10 GST" skipped="0">
  <testcase classname="testngpkg.Copypaste" name="copypaste" time="0.620"/>
  <system-out/>
</testsuite> <!-- testngpkg.Copypaste -->
