<?xml version="1.0" encoding="UTF-8"?>
<!-- Generated by org.testng.reporters.JUnitReportReporter -->
<testsuite hostname="DESKTOP-DCF98J4" failures="0" tests="1" name="testngpkg.Robotclass" time="4.224" errors="0" timestamp="2024-02-23T08:20:49 GST" skipped="0">
  <testcase classname="testngpkg.Robotclass" name="upload" time="4.224"/>
  <system-out/>
</testsuite> <!-- testngpkg.Robotclass -->
