<?xml version="1.0" encoding="UTF-8"?>
<!-- Generated by org.testng.reporters.JUnitReportReporter -->
<testsuite hostname="DESKTOP-DCF98J4" failures="0" tests="1" name="testngpkg.Fileuploadsendkeys" time="3.342" errors="0" timestamp="2024-02-22T09:17:32 GST" skipped="0">
  <testcase classname="testngpkg.Fileuploadsendkeys" name="fileupload" time="3.342"/>
  <system-out/>
</testsuite> <!-- testngpkg.Fileuploadsendkeys -->
