<?xml version="1.0" encoding="UTF-8"?>
<!-- Generated by org.testng.reporters.JUnitReportReporter -->
<testsuite hostname="DESKTOP-DCF98J4" failures="0" tests="1" name="testngpkg.Scrolldown" time="3.593" errors="0" timestamp="2024-02-28T19:04:27 GST" skipped="0">
  <testcase classname="testngpkg.Scrolldown" name="scroll" time="3.593"/>
  <system-out/>
</testsuite> <!-- testngpkg.Scrolldown -->
