<?xml version="1.0" encoding="UTF-8"?>
<!-- Generated by org.testng.reporters.JUnitReportReporter -->
<testsuite hostname="DESKTOP-DCF98J4" failures="0" tests="1" name="Test.FBlogintest" time="0.423" errors="0" timestamp="2024-03-06T08:34:20 GST" skipped="0">
  <testcase classname="Test.FBlogintest" name="test" time="0.423"/>
  <system-out/>
</testsuite> <!-- Test.FBlogintest -->
