<?xml version="1.0" encoding="UTF-8"?>
<!-- Generated by org.testng.reporters.JUnitReportReporter -->
<testsuite hostname="DESKTOP-DCF98J4" failures="0" tests="1" name="Test.FBcreatepage" time="3.153" errors="0" timestamp="2024-03-06T09:22:47 GST" skipped="0">
  <testcase classname="Test.FBcreatepage" name="test" time="3.153"/>
  <system-out/>
</testsuite> <!-- Test.FBcreatepage -->
