<?xml version="1.0" encoding="UTF-8"?>
<!-- Generated by org.testng.reporters.JUnitReportReporter -->
<testsuite hostname="DESKTOP-DCF98J4" failures="0" tests="1" name="testngpkg.Draganddrop" time="3.358" errors="0" timestamp="2024-02-22T07:18:10 GST" skipped="0">
  <testcase classname="testngpkg.Draganddrop" name="draganddrop" time="3.358"/>
  <system-out/>
</testsuite> <!-- testngpkg.Draganddrop -->
