<?xml version="1.0" encoding="UTF-8"?>
<!-- Generated by org.testng.reporters.JUnitReportReporter -->
<testsuite hostname="DESKTOP-DCF98J4" failures="0" tests="1" name="testngpkg.Rightdoubleclick" time="5.564" errors="0" timestamp="2024-02-22T08:40:54 GST" skipped="0">
  <testcase classname="testngpkg.Rightdoubleclick" name="test" time="5.564"/>
  <system-out/>
</testsuite> <!-- testngpkg.Rightdoubleclick -->
