<?xml version="1.0" encoding="UTF-8"?>
<!-- Generated by org.testng.reporters.JUnitReportReporter -->
<testsuite hostname="DESKTOP-DCF98J4" failures="0" tests="1" name="testngpkg.Datepick" time="5.434" errors="0" timestamp="2024-03-01T10:43:08 GST" skipped="0">
  <testcase classname="testngpkg.Datepick" name="test" time="5.434"/>
  <system-out/>
</testsuite> <!-- testngpkg.Datepick -->
