<?xml version="1.0" encoding="UTF-8"?>
<!-- Generated by org.testng.reporters.JUnitReportReporter -->
<testsuite hostname="DESKTOP-DCF98J4" failures="0" tests="1" name="testngpkg.Datepicker" time="1.958" errors="0" timestamp="2024-03-01T10:23:23 GST" skipped="0">
  <testcase classname="testngpkg.Datepicker" name="datepick" time="1.958"/>
  <system-out/>
</testsuite> <!-- testngpkg.Datepicker -->
