<?xml version="1.0" encoding="UTF-8"?>
<!-- Generated by org.testng.reporters.JUnitReportReporter -->
<testsuite hostname="DESKTOP-DCF98J4" failures="0" tests="2" name="testngpkg.Rediff" time="3.585" errors="0" timestamp="2024-02-20T07:25:49 GST" skipped="0">
  <testcase classname="testngpkg.Rediff" name="logodisplay" time="0.611"/>
  <system-out/>
  <testcase classname="testngpkg.Rediff" name="titleverification" time="2.974"/>
  <system-out/>
</testsuite> <!-- testngpkg.Rediff -->
