<?xml version="1.0" encoding="UTF-8"?>
<!-- Generated by org.testng.reporters.JUnitReportReporter -->
<testsuite hostname="DESKTOP-DCF98J4" failures="0" tests="1" name="testngpkg.Browserpopup" time="6.715" errors="0" timestamp="2024-02-29T07:43:25 GST" skipped="0">
  <testcase classname="testngpkg.Browserpopup" name="popup" time="6.715"/>
  <system-out/>
</testsuite> <!-- testngpkg.Browserpopup -->
